[logsAndroid_emulator-5554 INFO ] 2023-06-24 13:34:51.033 BaseTest:167 - log path: 
[logsAndroid_emulator-5554 INFO ] 2023-06-24 13:35:27.655 LoginTests:48 - 
**********Starting test invalidPassword**********

[logsAndroid_emulator-5554 INFO ] 2023-06-24 13:35:34.070 BaseTest:245 - login with standard_user
[logsAndroid_emulator-5554 INFO ] 2023-06-24 13:35:36.332 BaseTest:245 - login with invalidusername
[logsAndroid_emulator-5554 INFO ] 2023-06-24 13:35:37.265 BaseTest:235 - press login button
[logsAndroid_emulator-5554 INFO ] 2023-06-24 13:35:40.243 BaseTest:259 - Error text is Username and password do not match any user in this service.
[logsAndroid_emulator-5554 INFO ] 2023-06-24 13:35:40.244 LoginTests:70 - Username and password do not match any user in this service.Username and password do not match any user in this service.
[logsAndroid_emulator-5554 INFO ] 2023-06-24 13:35:43.024 LoginTests:48 - 
**********Starting test invalidUserName**********

[logsAndroid_emulator-5554 INFO ] 2023-06-24 13:35:44.220 BaseTest:245 - login with invalidusername
[logsAndroid_emulator-5554 INFO ] 2023-06-24 13:35:47.793 BaseTest:245 - login with secret_sauce
[logsAndroid_emulator-5554 INFO ] 2023-06-24 13:35:49.013 BaseTest:235 - press login button
[logsAndroid_emulator-5554 INFO ] 2023-06-24 13:35:50.655 BaseTest:259 - Error text is Username and password do not match any user in this service.
[logsAndroid_emulator-5554 INFO ] 2023-06-24 13:35:50.660 LoginTests:58 - Username and password do not match any user in this service.sdsfUsername and password do not match any user in this service.
[logsAndroid_emulator-5554 ERROR] 2023-06-24 13:35:50.803 TestListeners:32 - java.lang.AssertionError: expected [Username and password do not match any user in this service.] but found [Username and password do not match any user in this service.sdsf]
	at org.testng.Assert.fail(Assert.java:110)
	at org.testng.Assert.failNotEquals(Assert.java:1577)
	at org.testng.Assert.assertEqualsImpl(Assert.java:149)
	at org.testng.Assert.assertEquals(Assert.java:131)
	at org.testng.Assert.assertEquals(Assert.java:655)
	at org.testng.Assert.assertEquals(Assert.java:665)
	at com.qa.tests.LoginTests.invalidUserName(LoginTests.java:59)
	at java.base/jdk.internal.reflect.NativeMethodAccessorImpl.invoke0(Native Method)
	at java.base/jdk.internal.reflect.NativeMethodAccessorImpl.invoke(NativeMethodAccessorImpl.java:62)
	at java.base/jdk.internal.reflect.DelegatingMethodAccessorImpl.invoke(DelegatingMethodAccessorImpl.java:43)
	at java.base/java.lang.reflect.Method.invoke(Method.java:566)
	at org.testng.internal.invokers.MethodInvocationHelper.invokeMethod(MethodInvocationHelper.java:139)
	at org.testng.internal.invokers.TestInvoker.invokeMethod(TestInvoker.java:677)
	at org.testng.internal.invokers.TestInvoker.invokeTestMethod(TestInvoker.java:221)
	at org.testng.internal.invokers.MethodRunner.runInSequence(MethodRunner.java:50)
	at org.testng.internal.invokers.TestInvoker$MethodInvocationAgent.invoke(TestInvoker.java:969)
	at org.testng.internal.invokers.TestInvoker.invokeTestMethods(TestInvoker.java:194)
	at org.testng.internal.invokers.TestMethodWorker.invokeTestMethods(TestMethodWorker.java:148)
	at org.testng.internal.invokers.TestMethodWorker.run(TestMethodWorker.java:128)
	at java.base/java.util.ArrayList.forEach(ArrayList.java:1541)
	at org.testng.TestRunner.privateRun(TestRunner.java:829)
	at org.testng.TestRunner.run(TestRunner.java:602)
	at org.testng.SuiteRunner.runTest(SuiteRunner.java:437)
	at org.testng.SuiteRunner$SuiteWorker.run(SuiteRunner.java:475)
	at org.testng.internal.thread.ThreadUtil.lambda$execute$0(ThreadUtil.java:58)
	at java.base/java.util.concurrent.FutureTask.run(FutureTask.java:264)
	at java.base/java.util.concurrent.ThreadPoolExecutor.runWorker(ThreadPoolExecutor.java:1128)
	at java.base/java.util.concurrent.ThreadPoolExecutor$Worker.run(ThreadPoolExecutor.java:628)
	at java.base/java.lang.Thread.run(Thread.java:834)

[logsAndroid_emulator-5554 INFO ] 2023-06-24 13:36:01.024 LoginTests:48 - 
**********Starting test validLogin**********

[logsAndroid_emulator-5554 INFO ] 2023-06-24 13:36:02.487 BaseTest:245 - login with standard_user
[logsAndroid_emulator-5554 INFO ] 2023-06-24 13:36:05.653 BaseTest:245 - login with secret_sauce
[logsAndroid_emulator-5554 INFO ] 2023-06-24 13:36:06.861 BaseTest:235 - press login button
[logsAndroid_emulator-5554 INFO ] 2023-06-24 13:36:11.029 BaseTest:259 - The Product Title is PRODUCTS
[logsAndroid_emulator-5554 INFO ] 2023-06-24 13:36:11.032 LoginTests:82 - PRODUCTSPRODUCTS
